c:\users\ai\desktop\asteroids\debug\vc142.pdb
c:\users\ai\desktop\asteroids\debug\vc142.idb
c:\users\ai\desktop\asteroids\debug\spritecomponent.obj
c:\users\ai\desktop\asteroids\debug\math.obj
c:\users\ai\desktop\asteroids\debug\main.obj
c:\users\ai\desktop\asteroids\debug\inputcomponent.obj
c:\users\ai\desktop\asteroids\debug\asteroid.obj
c:\users\ai\desktop\asteroids\debug\actor.obj
c:\users\ai\desktop\asteroids\debug\random.obj
c:\users\ai\desktop\asteroids\debug\ship.obj
c:\users\ai\desktop\asteroids\debug\laser.obj
c:\users\ai\desktop\asteroids\debug\game.obj
c:\users\ai\desktop\asteroids\debug\movecomponent.obj
c:\users\ai\desktop\asteroids\debug\component.obj
c:\users\ai\desktop\asteroids\debug\circlecomponent.obj
c:\users\cre\desktop\asteroids\debug\vc142.pdb
c:\users\cre\desktop\asteroids\debug\vc142.idb
c:\users\cre\desktop\asteroids\debug\spritecomponent.obj
c:\users\cre\desktop\asteroids\debug\ship.obj
c:\users\cre\desktop\asteroids\debug\random.obj
c:\users\cre\desktop\asteroids\debug\movecomponent.obj
c:\users\cre\desktop\asteroids\debug\math.obj
c:\users\cre\desktop\asteroids\debug\main.obj
c:\users\cre\desktop\asteroids\debug\laser.obj
c:\users\cre\desktop\asteroids\debug\inputcomponent.obj
c:\users\cre\desktop\asteroids\debug\game.obj
c:\users\cre\desktop\asteroids\debug\component.obj
c:\users\cre\desktop\asteroids\debug\circlecomponent.obj
c:\users\cre\desktop\asteroids\debug\asteroid.obj
c:\users\cre\desktop\asteroids\debug\actor.obj
c:\users\ai\desktop\asteroids\debug\game.exe
c:\users\ai\desktop\asteroids\debug\game.ilk
c:\users\ai\desktop\asteroids\debug\game.pdb
c:\users\cre\desktop\asteroids\debug\game.ilk
c:\users\cre\desktop\asteroids\debug\game.exe
c:\users\cre\desktop\asteroids\debug\game.pdb
c:\users\cre\desktop\asteroids\debug\game.tlog\cl.command.1.tlog
c:\users\cre\desktop\asteroids\debug\game.tlog\cl.read.1.tlog
c:\users\cre\desktop\asteroids\debug\game.tlog\cl.write.1.tlog
c:\users\cre\desktop\asteroids\debug\game.tlog\link.command.1.tlog
c:\users\cre\desktop\asteroids\debug\game.tlog\link.read.1.tlog
c:\users\cre\desktop\asteroids\debug\game.tlog\link.write.1.tlog
